2015-11-30T13:57:12.540Z - core: [ActiveMatches Module] Subscribed to Sportimo Events PUB/SUB channel
2015-11-30T13:57:56.138Z - core: [ActiveMatches Module] Subscribed to Sportimo Events PUB/SUB channel
2015-11-30T13:58:46.872Z - core: [ActiveMatches Module] Subscribed to Sportimo Events PUB/SUB channel
2015-11-30T14:01:06.458Z - core: [ActiveMatches Module] Subscribed to Sportimo Events PUB/SUB channel
2015-11-30T14:03:05.001Z - core: [ActiveMatches Module] Subscribed to Sportimo Events PUB/SUB channel
2015-11-30T14:04:22.892Z - core: [ActiveMatches Module] Subscribed to Sportimo Events PUB/SUB channel
2015-11-30T14:04:52.195Z - core: [ActiveMatches Module] Subscribed to Sportimo Events PUB/SUB channel
2015-11-30T14:05:33.740Z - core: [ActiveMatches Module] Found match. Hooking on it.
2015-11-30T14:05:33.748Z - core: [ActiveMatches Module] undefined
2015-11-30T14:05:33.749Z - core: [ActiveMatches Module] Active Matches: 1
2015-11-30T14:12:33.057Z - core: [ActiveMatches Module] Subscribed to Sportimo Events PUB/SUB channel
2015-11-30T14:12:38.896Z - core: [ActiveMatches Module] Found match. Hooking on it.
2015-11-30T14:12:38.900Z - core: [ActiveMatches Module] 565c4af6e4b030fba33dd459
2015-11-30T14:12:38.904Z - core: [ActiveMatches Module] Active Matches: 1
2015-11-30T14:14:16.751Z - core: [ActiveMatches Module] Subscribed to Sportimo Events PUB/SUB channel
2015-11-30T14:14:23.975Z - core: [ActiveMatches Module] Found match. Hooking on it.
2015-11-30T14:14:23.980Z - core: [ActiveMatches Module] 565c4af6e4b030fba33dd459
2015-11-30T14:14:23.983Z - core: [ActiveMatches Module] Active Matches: 1
2015-11-30T14:16:33.117Z - core: [ActiveMatches Module] Subscribed to Sportimo Events PUB/SUB channel
2015-11-30T14:16:37.099Z - core: [ActiveMatches Module] 565c4af6e4b030fba33dd459
2015-11-30T14:16:37.100Z - core: [ActiveMatches Module] Active Matches: 1
2015-11-30T14:16:37.101Z - core: [ActiveMatches Module] Found match with ID [565c4af6e4b030fba33dd459]. Hooking on it.
2015-11-30T14:19:50.451Z - core: [ActiveMatches Module] Subscribed to Sportimo Events PUB/SUB channel
2015-11-30T14:20:04.233Z - core: [ActiveMatches Module] Found match with ID [565c4af6e4b030fba33dd459]. Hooking on it.
2015-11-30T14:20:10.967Z - core: [ActiveMatches Module] Found match with ID [565c4af6e4b030fba33dd459]. Hooking on it.
2015-11-30T14:21:10.400Z - core: [ActiveMatches Module] Subscribed to Sportimo Events PUB/SUB channel
2015-11-30T14:21:13.591Z - core: [ActiveMatches Module] Found match with ID [565c4af6e4b030fba33dd459]. Hooking on it.
2015-11-30T14:22:00.435Z - core: [ActiveMatches Module] Subscribed to Sportimo Events PUB/SUB channel
2015-11-30T14:22:02.822Z - core: [ActiveMatches Module] Found match with ID [565c4af6e4b030fba33dd459]. Hooking on it.
2015-11-30T14:22:05.593Z - core: [ActiveMatches Module] Found match with ID [565c4af6e4b030fba33dd459]. Hooking on it.
2015-11-30T14:22:29.338Z - core: [ActiveMatches Module] Subscribed to Sportimo Events PUB/SUB channel
2015-11-30T14:23:06.496Z - core: [ActiveMatches Module] Subscribed to Sportimo Events PUB/SUB channel
2015-11-30T14:23:09.453Z - core: [ActiveMatches Module] Found match with ID [565c4af6e4b030fba33dd459]. Hooking on it.
2015-11-30T14:23:12.152Z - core: [ActiveMatches Module] Found match with ID [565c4af6e4b030fba33dd459]. Hooking on it.
2015-11-30T14:24:29.125Z - core: [ActiveMatches Module] Subscribed to Sportimo Events PUB/SUB channel
2015-11-30T14:24:32.643Z - core: [ActiveMatches Module] Found match with ID [565c4af6e4b030fba33dd459]. Hooking on it.
2015-11-30T14:24:35.658Z - core: [ActiveMatches Module] Found match with ID [565c4af6e4b030fba33dd459]. Hooking on it.
2015-11-30T14:26:34.438Z - core: [ActiveMatches Module] Subscribed to Sportimo Events PUB/SUB channel
2015-11-30T14:26:38.604Z - core: [ActiveMatches Module] Found match with ID [565c4af6e4b030fba33dd459]. Hooking on it.
2015-11-30T14:26:40.505Z - core: [ActiveMatches Module] Found match with ID [565c4af6e4b030fba33dd459]. Hooking on it.
2015-11-30T14:29:01.790Z - core: [ActiveMatches Module] Subscribed to Sportimo Events PUB/SUB channel
2015-11-30T14:29:06.342Z - core: [ActiveMatches Module] Found match with ID [565c4af6e4b030fba33dd459]. Hooking on it.
2015-11-30T14:29:08.877Z - core: [ActiveMatches Module] Found match with ID [565c4af6e4b030fba33dd459]. Hooking on it.
2015-11-30T14:31:57.627Z - core: [ActiveMatches Module] Subscribed to Sportimo Events PUB/SUB channel
2015-11-30T14:32:01.718Z - core: [ActiveMatches Module] Found match with ID [565c4af6e4b030fba33dd459]. Hooking on it.
2015-11-30T14:32:04.609Z - core: [ActiveMatches Module] Found match with ID [565c4af6e4b030fba33dd459]. Hooking on it.
2015-11-30T14:33:11.903Z - core: [ActiveMatches Module] Subscribed to Sportimo Events PUB/SUB channel
2015-11-30T14:33:15.695Z - core: [ActiveMatches Module] Found match with ID [565c4af6e4b030fba33dd459]. Hooking on it.
2015-11-30T14:33:17.383Z - error: [ActiveMatches Module] Match with the same id already exists
2015-11-30T14:33:29.380Z - error: [ActiveMatches Module] Match with the same id already exists
2015-11-30T14:33:46.503Z - core: [ActiveMatches Module] Subscribed to Sportimo Events PUB/SUB channel
2015-11-30T14:33:50.606Z - core: [ActiveMatches Module] Found match with ID [565c4af6e4b030fba33dd459]. Hooking on it.
2015-11-30T14:33:54.961Z - error: [ActiveMatches Module] Match with the same id already exists
2015-11-30T14:35:13.266Z - core: [ActiveMatches Module] Subscribed to Sportimo Events PUB/SUB channel
2015-11-30T14:35:16.806Z - core: [ActiveMatches Module] Found match with ID [565c4af6e4b030fba33dd459]. Hooking on it.
2015-11-30T14:35:19.770Z - error: [ActiveMatches Module] Match with the same Id already exists
2015-11-30T14:37:45.880Z - core: [ActiveMatches Module] Subscribed to Sportimo Events PUB/SUB channel
2015-11-30T14:37:52.506Z - core: [ActiveMatches Module] Found match with ID [565c4af6e4b030fba33dd459]. Hooking on it.
2015-11-30T16:45:47.602Z - core: [Wildcards Module] Start initial card validations
2015-11-30T16:45:50.397Z - core: [Wildcards Module] Cards Validation Request
2015-11-30T16:45:50.682Z - core: [Wildcards Module] Subscribed to Sportimo Events PUB/SUB channel
2016-03-04T09:55:52.856Z - core: [Wildcards Module] Start initial card validations
2016-03-04T09:55:53.666Z - core: [Wildcards Module] Cards Validation Request
2016-03-04T09:55:53.929Z - core: [Wildcards Module] Subscribed to Sportimo Events PUB/SUB channel
2016-03-04T10:43:02.609Z - core: [Wildcards Module] Start initial card validations
2016-03-04T10:43:03.734Z - core: [Wildcards Module] Cards Validation Request
2016-03-04T10:43:04.029Z - core: [Wildcards Module] Subscribed to Sportimo Events PUB/SUB channel
2016-07-30T09:53:28.121Z - core: [Wildcards Module] Start initial card validations
2016-07-30T10:27:53.570Z - core: [Wildcards Module] Start initial card validations
2016-07-30T10:27:54.431Z - core: [Wildcards Module] Cards Validation Request
2016-07-30T10:27:54.751Z - core: [Wildcards Module] Subscribed to Sportimo Events PUB/SUB channel
2016-07-30T10:59:11.074Z - core: [Wildcards Module] Start initial card validations
2016-07-30T10:59:12.007Z - core: [Wildcards Module] Cards Validation Request
2016-07-30T10:59:12.318Z - core: [Wildcards Module] Subscribed to Sportimo Events PUB/SUB channel
2016-07-30T11:07:22.196Z - core: [Wildcards Module] Start initial card validations
2016-07-30T11:07:23.133Z - core: [Wildcards Module] Cards Validation Request
2016-07-30T11:07:23.496Z - core: [Wildcards Module] Subscribed to Sportimo Events PUB/SUB channel
